TN:
SF:script/Counter.s.sol
FN:10,CounterScript.setUp
FNDA:0,CounterScript.setUp
FN:12,CounterScript.run
FNDA:0,CounterScript.run
DA:13,0
DA:15,0
DA:17,0
FNF:2
FNH:0
LF:3
LH:0
BRF:0
BRH:0
end_of_record
TN:
SF:script/DeployBridge.s.sol
FN:9,DeployBridge.run
FNDA:0,DeployBridge.run
DA:10,0
DA:11,0
DA:13,0
DA:14,0
DA:16,0
DA:17,0
DA:19,0
DA:20,0
DA:22,0
FNF:1
FNH:0
LF:9
LH:0
BRF:0
BRH:0
end_of_record
TN:
SF:script/~DeployBridge.s.sol
FN:9,DeployBridge.run
FNDA:0,DeployBridge.run
DA:10,0
DA:11,0
DA:13,0
DA:14,0
DA:16,0
DA:17,0
DA:19,0
DA:20,0
DA:22,0
FNF:1
FNH:0
LF:9
LH:0
BRF:0
BRH:0
end_of_record
TN:
SF:src/BinanceBridge.sol
FN:25,BinanceBridge.
FNDA:38,BinanceBridge.
DA:28,38
DA:29,38
DA:30,38
DA:31,38
DA:33,38
DA:34,38
FN:37,BinanceBridge.mint
FNDA:34,BinanceBridge.mint
DA:38,28
BRDA:38,0,0,28
BRDA:38,0,1,24
DA:40,24
DA:42,24
FN:45,BinanceBridge.burn
FNDA:12,BinanceBridge.burn
DA:46,12
BRDA:46,1,0,12
BRDA:46,1,1,10
DA:47,10
BRDA:47,2,0,10
BRDA:47,2,1,8
DA:48,8
BRDA:48,3,0,8
BRDA:48,3,1,4
DA:50,4
DA:52,4
DA:54,4
FN:57,BinanceBridge.setMaxTransferAmount
FNDA:8,BinanceBridge.setMaxTransferAmount
DA:58,4
DA:59,4
FN:62,BinanceBridge.setTransferCooldown
FNDA:8,BinanceBridge.setTransferCooldown
DA:63,4
DA:64,4
FN:67,BinanceBridge.pause
FNDA:14,BinanceBridge.pause
DA:68,12
FN:71,BinanceBridge.unpause
FNDA:4,BinanceBridge.unpause
DA:72,2
FN:75,BinanceBridge.transfer
FNDA:4,BinanceBridge.transfer
DA:76,2
FN:79,BinanceBridge.transferFrom
FNDA:4,BinanceBridge.transferFrom
DA:80,2
FN:84,BinanceBridge.safeExternalCall
FNDA:0,BinanceBridge.safeExternalCall
DA:85,0
DA:86,0
BRDA:86,4,0,-
BRDA:86,4,1,-
DA:87,0
FNF:10
FNH:9
LF:26
LH:23
BRF:10
BRH:8
end_of_record
TN:
SF:src/Counter.sol
FN:7,Counter.setNumber
FNDA:258,Counter.setNumber
DA:8,258
FN:11,Counter.increment
FNDA:1,Counter.increment
DA:12,1
FNF:2
FNH:2
LF:2
LH:2
BRF:0
BRH:0
end_of_record
TN:
SF:src/RupayaBridge.sol
FN:23,RupayaBridge.
FNDA:76,RupayaBridge.
DA:24,52
DA:25,76
DA:26,76
DA:28,76
DA:29,52
FN:32,RupayaBridge.deposit
FNDA:20,RupayaBridge.deposit
DA:33,18
BRDA:33,0,0,18
BRDA:33,0,1,14
DA:34,14
BRDA:34,1,0,14
BRDA:34,1,1,10
DA:36,10
DA:38,10
FN:41,RupayaBridge.withdraw
FNDA:10,RupayaBridge.withdraw
DA:42,6
BRDA:42,2,0,6
BRDA:42,2,1,6
DA:43,6
BRDA:43,3,0,6
BRDA:43,3,1,4
DA:45,4
DA:46,4
BRDA:46,4,0,4
BRDA:46,4,1,4
DA:48,4
FN:51,RupayaBridge.setMaxTransferAmount
FNDA:8,RupayaBridge.setMaxTransferAmount
DA:52,4
DA:53,4
FN:56,RupayaBridge.setTransferCooldown
FNDA:8,RupayaBridge.setTransferCooldown
DA:57,4
DA:58,4
FN:61,RupayaBridge.pause
FNDA:10,RupayaBridge.pause
DA:62,8
FN:65,RupayaBridge.unpause
FNDA:4,RupayaBridge.unpause
DA:66,2
FN:74,RupayaBridge.safeExternalCall
FNDA:0,RupayaBridge.safeExternalCall
DA:75,0
DA:76,0
BRDA:76,5,0,-
BRDA:76,5,1,-
DA:77,0
FNF:8
FNH:7
LF:23
LH:20
BRF:12
BRH:10
end_of_record
TN:
SF:src/~Counter.sol
FN:7,Counter.setNumber
FNDA:0,Counter.setNumber
DA:8,0
FN:11,Counter.increment
FNDA:0,Counter.increment
DA:12,0
FNF:2
FNH:0
LF:2
LH:0
BRF:0
BRH:0
end_of_record
TN:
SF:src/~RupayaBridge.sol
FN:23,RupayaBridge.
FNDA:0,RupayaBridge.
DA:24,0
DA:25,0
DA:26,0
DA:28,0
DA:29,0
FN:32,RupayaBridge.deposit
FNDA:0,RupayaBridge.deposit
DA:33,0
BRDA:33,0,0,-
BRDA:33,0,1,-
DA:34,0
BRDA:34,1,0,-
BRDA:34,1,1,-
DA:36,0
DA:38,0
FN:41,RupayaBridge.withdraw
FNDA:0,RupayaBridge.withdraw
DA:42,0
BRDA:42,2,0,-
BRDA:42,2,1,-
DA:43,0
BRDA:43,3,0,-
BRDA:43,3,1,-
DA:45,0
DA:46,0
BRDA:46,4,0,-
BRDA:46,4,1,-
DA:48,0
FN:51,RupayaBridge.setMaxTransferAmount
FNDA:0,RupayaBridge.setMaxTransferAmount
DA:52,0
DA:53,0
FN:56,RupayaBridge.setTransferCooldown
FNDA:0,RupayaBridge.setTransferCooldown
DA:57,0
DA:58,0
FN:61,RupayaBridge.pause
FNDA:0,RupayaBridge.pause
DA:62,0
FN:65,RupayaBridge.unpause
FNDA:0,RupayaBridge.unpause
DA:66,0
FN:74,RupayaBridge.safeExternalCall
FNDA:0,RupayaBridge.safeExternalCall
DA:75,0
DA:76,0
BRDA:76,5,0,-
BRDA:76,5,1,-
DA:77,0
FNF:8
FNH:0
LF:23
LH:0
BRF:12
BRH:0
end_of_record
